  time_list.c
d:\mserver\utils\time_list.c(5): fatal error C1083: 无法打开包括文件: “uv.h”: No such file or directory
  timestamp.c
d:\mserver\utils\timestamp.c(428): warning C4996: 'localtime': This function or variable may be unsafe. Consider using localtime_s instead. To disable deprecation, use _CRT_SECURE_NO_WARNINGS. See online help for details.
  c:\program files (x86)\windows kits\10\include\10.0.10240.0\ucrt\time.h(505): note: 参见“localtime”的声明
d:\mserver\utils\timestamp.c(437): warning C4996: 'localtime': This function or variable may be unsafe. Consider using localtime_s instead. To disable deprecation, use _CRT_SECURE_NO_WARNINGS. See online help for details.
  c:\program files (x86)\windows kits\10\include\10.0.10240.0\ucrt\time.h(505): note: 参见“localtime”的声明
  json.c
d:\mserver\3rd\mjson\json.c(132): warning C4996: 'strncpy': This function or variable may be unsafe. Consider using strncpy_s instead. To disable deprecation, use _CRT_SECURE_NO_WARNINGS. See online help for details.
  c:\program files (x86)\windows kits\10\include\10.0.10240.0\ucrt\string.h(346): note: 参见“strncpy”的声明
d:\mserver\3rd\mjson\json.c(281): warning C4996: 'strncpy': This function or variable may be unsafe. Consider using strncpy_s instead. To disable deprecation, use _CRT_SECURE_NO_WARNINGS. See online help for details.
  c:\program files (x86)\windows kits\10\include\10.0.10240.0\ucrt\string.h(346): note: 参见“strncpy”的声明
d:\mserver\3rd\mjson\json.c(313): warning C4996: 'strncpy': This function or variable may be unsafe. Consider using strncpy_s instead. To disable deprecation, use _CRT_SECURE_NO_WARNINGS. See online help for details.
  c:\program files (x86)\windows kits\10\include\10.0.10240.0\ucrt\string.h(346): note: 参见“strncpy”的声明
d:\mserver\3rd\mjson\json.c(1190): warning C4996: 'sprintf': This function or variable may be unsafe. Consider using sprintf_s instead. To disable deprecation, use _CRT_SECURE_NO_WARNINGS. See online help for details.
  c:\program files (x86)\windows kits\10\include\10.0.10240.0\ucrt\stdio.h(1769): note: 参见“sprintf”的声明
d:\mserver\3rd\mjson\json.c(1338): warning C4477: “fprintf”: 格式字符串“%lX”需要类型“unsigned long”的参数，但可变参数 1 拥有了类型“int64_t”
  d:\mserver\3rd\mjson\json.c(1338): note: 请考虑在格式字符串中使用“%llX”
  d:\mserver\3rd\mjson\json.c(1338): note: 请考虑在格式字符串中使用“%IX”
  d:\mserver\3rd\mjson\json.c(1338): note: 请考虑在格式字符串中使用“%I64X”
  winsock.c
d:\mserver\3rd\libuv\src\win\winsock.c(25): fatal error C1083: 无法打开包括文件: “uv.h”: No such file or directory
  winapi.c
d:\mserver\3rd\libuv\src\win\winapi.c(24): fatal error C1083: 无法打开包括文件: “uv.h”: No such file or directory
  util.c
d:\mserver\3rd\libuv\src\win\util.c(30): fatal error C1083: 无法打开包括文件: “uv.h”: No such file or directory
  udp.c
d:\mserver\3rd\libuv\src\win\udp.c(25): fatal error C1083: 无法打开包括文件: “uv.h”: No such file or directory
  tty.c
d:\mserver\3rd\libuv\src\win\tty.c(37): fatal error C1083: 无法打开包括文件: “uv.h”: No such file or directory
  timer.c
d:\mserver\3rd\libuv\src\win\timer.c(25): fatal error C1083: 无法打开包括文件: “uv.h”: No such file or directory
  thread.c
d:\mserver\3rd\libuv\src\win\thread.c(26): fatal error C1083: 无法打开包括文件: “uv.h”: No such file or directory
  tcp.c
d:\mserver\3rd\libuv\src\win\tcp.c(25): fatal error C1083: 无法打开包括文件: “uv.h”: No such file or directory
  stream.c
d:\mserver\3rd\libuv\src\win\stream.c(24): fatal error C1083: 无法打开包括文件: “uv.h”: No such file or directory
  snprintf.c
  signal.c
d:\mserver\3rd\libuv\src\win\signal.c(24): fatal error C1083: 无法打开包括文件: “uv.h”: No such file or directory
  req.c
d:\mserver\3rd\libuv\src\win\req.c(24): fatal error C1083: 无法打开包括文件: “uv.h”: No such file or directory
  process.c
d:\mserver\3rd\libuv\src\win\process.c(31): fatal error C1083: 无法打开包括文件: “uv.h”: No such file or directory
  process-stdio.c
d:\mserver\3rd\libuv\src\win\process-stdio.c(27): fatal error C1083: 无法打开包括文件: “uv.h”: No such file or directory
  poll.c
d:\mserver\3rd\libuv\src\win\poll.c(25): fatal error C1083: 无法打开包括文件: “uv.h”: No such file or directory
  pipe.c
d:\mserver\3rd\libuv\src\win\pipe.c(28): fatal error C1083: 无法打开包括文件: “uv.h”: No such file or directory
  loop-watcher.c
d:\mserver\3rd\libuv\src\win\loop-watcher.c(24): fatal error C1083: 无法打开包括文件: “uv.h”: No such file or directory
  正在生成代码...
  正在编译...
  handle.c
d:\mserver\3rd\libuv\src\win\handle.c(26): fatal error C1083: 无法打开包括文件: “uv.h”: No such file or directory
  getnameinfo.c
d:\mserver\3rd\libuv\src\win\getnameinfo.c(25): fatal error C1083: 无法打开包括文件: “uv.h”: No such file or directory
  getaddrinfo.c
d:\mserver\3rd\libuv\src\win\getaddrinfo.c(24): fatal error C1083: 无法打开包括文件: “uv.h”: No such file or directory
  fs.c
d:\mserver\3rd\libuv\src\win\fs.c(33): fatal error C1083: 无法打开包括文件: “uv.h”: No such file or directory
  fs-event.c
d:\mserver\3rd\libuv\src\win\fs-event.c(27): fatal error C1083: 无法打开包括文件: “uv.h”: No such file or directory
  error.c
d:\mserver\3rd\libuv\src\win\error.c(28): fatal error C1083: 无法打开包括文件: “uv.h”: No such file or directory
  dl.c
d:\mserver\3rd\libuv\src\win\dl.c(22): fatal error C1083: 无法打开包括文件: “uv.h”: No such file or directory
  core.c
d:\mserver\3rd\libuv\src\win\core.c(32): fatal error C1083: 无法打开包括文件: “uv.h”: No such file or directory
  async.c
d:\mserver\3rd\libuv\src\win\async.c(24): fatal error C1083: 无法打开包括文件: “uv.h”: No such file or directory
  version.c
d:\mserver\3rd\libuv\src\version.c(22): fatal error C1083: 无法打开包括文件: “uv.h”: No such file or directory
  uv-common.c
d:\mserver\3rd\libuv\src\uv-common.c(22): fatal error C1083: 无法打开包括文件: “uv.h”: No such file or directory
  threadpool.c
d:\mserver\3rd\libuv\src\uv-common.h(40): fatal error C1083: 无法打开包括文件: “uv.h”: No such file or directory
  inet.c
d:\mserver\3rd\libuv\src\inet.c(27): fatal error C1083: 无法打开包括文件: “uv.h”: No such file or directory
  fs-poll.c
d:\mserver\3rd\libuv\src\fs-poll.c(22): fatal error C1083: 无法打开包括文件: “uv.h”: No such file or directory
  http_parser.c
d:\mserver\3rd\http_parser\http_parser.c(1410): warning C4244: “+=”: 从“__int64”转换到“uint32_t”，可能丢失数据
d:\mserver\3rd\http_parser\http_parser.c(1521): warning C4244: “+=”: 从“__int64”转换到“uint32_t”，可能丢失数据
d:\mserver\3rd\http_parser\http_parser.c(1690): warning C4244: “+=”: 从“__int64”转换到“uint32_t”，可能丢失数据
d:\mserver\3rd\http_parser\http_parser.c(2278): warning C4244: “=”: 从“__int64”转换到“uint16_t”，可能丢失数据
d:\mserver\3rd\http_parser\http_parser.c(2285): warning C4244: “=”: 从“__int64”转换到“uint16_t”，可能丢失数据
d:\mserver\3rd\http_parser\http_parser.c(2297): warning C4244: “=”: 从“__int64”转换到“uint16_t”，可能丢失数据
d:\mserver\3rd\http_parser\http_parser.c(2306): warning C4244: “=”: 从“__int64”转换到“uint16_t”，可能丢失数据
d:\mserver\3rd\http_parser\http_parser.c(2406): warning C4244: “=”: 从“__int64”转换到“uint16_t”，可能丢失数据
  sha1.c
d:\mserver\3rd\crypto\sha1.c(199): warning C4267: “+=”: 从“size_t”转换到“uint32_t”，可能丢失数据
d:\mserver\3rd\crypto\sha1.c(200): warning C4267: “+=”: 从“size_t”转换到“uint32_t”，可能丢失数据
  md5.c
  base64_encoder.c
  base64_decoder.c
d:\mserver\3rd\crypto\base64_decoder.c(28): warning C4267: “初始化”: 从“size_t”转换到“int”，可能丢失数据
  正在生成代码...
