d:\code\server\build\proj.win32\game_server\debug\vc140.pdb
d:\code\server\build\proj.win32\game_server\debug\vc140.idb
d:\code\server\build\proj.win32\game_server\debug\getaddrinfo.obj
d:\code\server\build\proj.win32\game_server\debug\getnameinfo.obj
d:\code\server\build\proj.win32\game_server\debug\handle.obj
d:\code\server\build\proj.win32\game_server\debug\loop-watcher.obj
d:\code\server\build\proj.win32\game_server\debug\pipe.obj
d:\code\server\build\proj.win32\game_server\debug\poll.obj
d:\code\server\build\proj.win32\game_server\debug\process-stdio.obj
d:\code\server\build\proj.win32\game_server\debug\process.obj
d:\code\server\build\proj.win32\game_server\debug\req.obj
d:\code\server\build\proj.win32\game_server\debug\signal.obj
d:\code\server\build\proj.win32\game_server\debug\snprintf.obj
d:\code\server\build\proj.win32\game_server\debug\stream.obj
d:\code\server\build\proj.win32\game_server\debug\tcp.obj
d:\code\server\build\proj.win32\game_server\debug\thread.obj
d:\code\server\build\proj.win32\game_server\debug\timer.obj
d:\code\server\build\proj.win32\game_server\debug\tty.obj
d:\code\server\build\proj.win32\game_server\debug\udp.obj
d:\code\server\build\proj.win32\game_server\debug\util.obj
d:\code\server\build\proj.win32\game_server\debug\winapi.obj
d:\code\server\build\proj.win32\game_server\debug\winsock.obj
d:\code\server\build\proj.win32\game_server\debug\fs-poll.obj
d:\code\server\build\proj.win32\game_server\debug\inet.obj
d:\code\server\build\proj.win32\game_server\debug\threadpool.obj
d:\code\server\build\proj.win32\game_server\debug\uv-common.obj
d:\code\server\build\proj.win32\game_server\debug\version.obj
d:\code\server\build\proj.win32\game_server\debug\async.obj
d:\code\server\build\proj.win32\game_server\debug\core.obj
d:\code\server\build\proj.win32\game_server\debug\dl.obj
d:\code\server\build\proj.win32\game_server\debug\error.obj
d:\code\server\build\proj.win32\game_server\debug\fs-event.obj
d:\code\server\build\proj.win32\game_server\debug\fs.obj
d:\code\server\build\proj.win32\game_server\debug\main.obj
d:\code\server\build\proj.win32\game_server\debug\netbus.obj
d:\code\server\build\proj.win32\game_server\debug\session_uv.obj
d:\code\server\build\proj.win32\game_server\debug\cache_alloc.obj
d:\code\server\build\proj.win32\game_server\debug\base64_decoder.obj
d:\code\server\build\proj.win32\game_server\debug\base64_encoder.obj
d:\code\server\build\proj.win32\game_server\debug\md5.obj
d:\code\server\build\proj.win32\game_server\debug\sha1.obj
d:\code\server\build\proj.win32\game_server\debug\http_parser.obj
d:\code\server\build\proj.win32\game_server\debug\ws_protocol.obj
d:\code\server\build\proj.win32\game_server\debug\tcp_protocol.obj
d:\code\server - 副本\build\proj.win32\game_server\debug\vc140.pdb
d:\code\server - 副本\build\proj.win32\game_server\debug\vc140.idb
d:\code\server - 副本\build\proj.win32\game_server\debug\getaddrinfo.obj
d:\code\server - 副本\build\proj.win32\game_server\debug\getnameinfo.obj
d:\code\server - 副本\build\proj.win32\game_server\debug\handle.obj
d:\code\server - 副本\build\proj.win32\game_server\debug\loop-watcher.obj
d:\code\server - 副本\build\proj.win32\game_server\debug\pipe.obj
d:\code\server - 副本\build\proj.win32\game_server\debug\poll.obj
d:\code\server - 副本\build\proj.win32\game_server\debug\process-stdio.obj
d:\code\server - 副本\build\proj.win32\game_server\debug\process.obj
d:\code\server - 副本\build\proj.win32\game_server\debug\req.obj
d:\code\server - 副本\build\proj.win32\game_server\debug\signal.obj
d:\code\server - 副本\build\proj.win32\game_server\debug\snprintf.obj
d:\code\server - 副本\build\proj.win32\game_server\debug\stream.obj
d:\code\server - 副本\build\proj.win32\game_server\debug\tcp.obj
d:\code\server - 副本\build\proj.win32\game_server\debug\thread.obj
d:\code\server - 副本\build\proj.win32\game_server\debug\timer.obj
d:\code\server - 副本\build\proj.win32\game_server\debug\tty.obj
d:\code\server - 副本\build\proj.win32\game_server\debug\udp.obj
d:\code\server - 副本\build\proj.win32\game_server\debug\util.obj
d:\code\server - 副本\build\proj.win32\game_server\debug\winapi.obj
d:\code\server - 副本\build\proj.win32\game_server\debug\winsock.obj
d:\code\server - 副本\build\proj.win32\game_server\debug\base64_decoder.obj
d:\code\server - 副本\build\proj.win32\game_server\debug\base64_encoder.obj
d:\code\server - 副本\build\proj.win32\game_server\debug\md5.obj
d:\code\server - 副本\build\proj.win32\game_server\debug\sha1.obj
d:\code\server - 副本\build\proj.win32\game_server\debug\http_parser.obj
d:\code\server - 副本\build\proj.win32\game_server\debug\fs-poll.obj
d:\code\server - 副本\build\proj.win32\game_server\debug\inet.obj
d:\code\server - 副本\build\proj.win32\game_server\debug\threadpool.obj
d:\code\server - 副本\build\proj.win32\game_server\debug\uv-common.obj
d:\code\server - 副本\build\proj.win32\game_server\debug\version.obj
d:\code\server - 副本\build\proj.win32\game_server\debug\async.obj
d:\code\server - 副本\build\proj.win32\game_server\debug\core.obj
d:\code\server - 副本\build\proj.win32\game_server\debug\dl.obj
d:\code\server - 副本\build\proj.win32\game_server\debug\error.obj
d:\code\server - 副本\build\proj.win32\game_server\debug\fs-event.obj
d:\code\server - 副本\build\proj.win32\game_server\debug\fs.obj
d:\code\server - 副本\build\proj.win32\game_server\debug\main.obj
d:\code\server - 副本\build\proj.win32\game_server\debug\netbus.obj
d:\code\server - 副本\build\proj.win32\game_server\debug\session_uv.obj
d:\code\server - 副本\build\proj.win32\game_server\debug\tcp_protocol.obj
d:\code\server - 副本\build\proj.win32\game_server\debug\ws_protocol.obj
d:\code\server - 副本\build\proj.win32\game_server\debug\cache_alloc.obj
d:\mserver\build\proj.win32\game_server\debug\vc140.pdb
d:\mserver\build\proj.win32\game_server\debug\vc140.idb
d:\mserver\build\proj.win32\game_server\debug\getnameinfo.obj
d:\mserver\build\proj.win32\game_server\debug\handle.obj
d:\mserver\build\proj.win32\game_server\debug\loop-watcher.obj
d:\mserver\build\proj.win32\game_server\debug\pipe.obj
d:\mserver\build\proj.win32\game_server\debug\poll.obj
d:\mserver\build\proj.win32\game_server\debug\process-stdio.obj
d:\mserver\build\proj.win32\game_server\debug\process.obj
d:\mserver\build\proj.win32\game_server\debug\req.obj
d:\mserver\build\proj.win32\game_server\debug\signal.obj
d:\mserver\build\proj.win32\game_server\debug\snprintf.obj
d:\mserver\build\proj.win32\game_server\debug\stream.obj
d:\mserver\build\proj.win32\game_server\debug\tcp.obj
d:\mserver\build\proj.win32\game_server\debug\thread.obj
d:\mserver\build\proj.win32\game_server\debug\timer.obj
d:\mserver\build\proj.win32\game_server\debug\tty.obj
d:\mserver\build\proj.win32\game_server\debug\udp.obj
d:\mserver\build\proj.win32\game_server\debug\util.obj
d:\mserver\build\proj.win32\game_server\debug\winapi.obj
d:\mserver\build\proj.win32\game_server\debug\winsock.obj
d:\mserver\build\proj.win32\game_server\debug\json.obj
d:\mserver\build\proj.win32\game_server\debug\base64_decoder.obj
d:\mserver\build\proj.win32\game_server\debug\base64_encoder.obj
d:\mserver\build\proj.win32\game_server\debug\md5.obj
d:\mserver\build\proj.win32\game_server\debug\sha1.obj
d:\mserver\build\proj.win32\game_server\debug\http_parser.obj
d:\mserver\build\proj.win32\game_server\debug\fs-poll.obj
d:\mserver\build\proj.win32\game_server\debug\inet.obj
d:\mserver\build\proj.win32\game_server\debug\threadpool.obj
d:\mserver\build\proj.win32\game_server\debug\uv-common.obj
d:\mserver\build\proj.win32\game_server\debug\version.obj
d:\mserver\build\proj.win32\game_server\debug\async.obj
d:\mserver\build\proj.win32\game_server\debug\core.obj
d:\mserver\build\proj.win32\game_server\debug\dl.obj
d:\mserver\build\proj.win32\game_server\debug\error.obj
d:\mserver\build\proj.win32\game_server\debug\fs-event.obj
d:\mserver\build\proj.win32\game_server\debug\fs.obj
d:\mserver\build\proj.win32\game_server\debug\getaddrinfo.obj
d:\mserver\build\proj.win32\game_server\debug\main.obj
d:\mserver\build\proj.win32\game_server\debug\pf_cmd_map.obj
d:\mserver\build\proj.win32\game_server\debug\netbus.obj
d:\mserver\build\proj.win32\game_server\debug\session_uv.obj
d:\mserver\build\proj.win32\game_server\debug\tcp_protocol.obj
d:\mserver\build\proj.win32\game_server\debug\ws_protocol.obj
d:\mserver\build\proj.win32\game_server\debug\cache_alloc.obj
d:\mserver\build\proj.win32\game_server\debug\game.pb.obj
d:\mserver\build\proj.win32\game_server\debug\proto_man.obj
d:\code\server\build\proj.win32\debug\game_server.ilk
d:\code\server\build\proj.win32\debug\game_server.exe
d:\code\server\build\proj.win32\debug\game_server.pdb
d:\code\server - 副本\build\proj.win32\debug\game_server.ilk
d:\code\server - 副本\build\proj.win32\debug\game_server.exe
d:\code\server - 副本\build\proj.win32\debug\game_server.pdb
d:\mserver\build\proj.win32\game_server\debug\netbus.obj.enc
d:\mserver\build\proj.win32\debug\game_server.pdb
d:\mserver\build\proj.win32\game_server\debug\game_server.tlog\cl.command.1.tlog
d:\mserver\build\proj.win32\game_server\debug\game_server.tlog\cl.read.1.tlog
d:\mserver\build\proj.win32\game_server\debug\game_server.tlog\cl.write.1.tlog
d:\mserver\build\proj.win32\game_server\debug\game_server.tlog\link-cvtres.read.1.tlog
d:\mserver\build\proj.win32\game_server\debug\game_server.tlog\link-cvtres.write.1.tlog
d:\mserver\build\proj.win32\game_server\debug\game_server.tlog\link-rc.read.1.tlog
d:\mserver\build\proj.win32\game_server\debug\game_server.tlog\link-rc.write.1.tlog
d:\mserver\build\proj.win32\game_server\debug\game_server.tlog\link.command.1.tlog
d:\mserver\build\proj.win32\game_server\debug\game_server.tlog\link.read.1.tlog
d:\mserver\build\proj.win32\game_server\debug\game_server.tlog\link.write.1.tlog
