cl : 命令行 warning D9007: “/Gm”需要“/Zi 或 /ZI”；选项被忽略
  lua_wrapper.cpp
  session_export_to_lua.cpp
..\..\..\lua_wrapper\session_export_to_lua.cpp(64): warning C4996: 'sprintf': This function or variable may be unsafe. Consider using sprintf_s instead. To disable deprecation, use _CRT_SECURE_NO_WARNINGS. See online help for details.
  C:\Program Files (x86)\Windows Kits\10\Include\10.0.10240.0\ucrt\stdio.h(1769): note: 参见“sprintf”的声明
..\..\..\lua_wrapper\session_export_to_lua.cpp(69): warning C4996: 'sprintf': This function or variable may be unsafe. Consider using sprintf_s instead. To disable deprecation, use _CRT_SECURE_NO_WARNINGS. See online help for details.
  C:\Program Files (x86)\Windows Kits\10\Include\10.0.10240.0\ucrt\stdio.h(1769): note: 参见“sprintf”的声明
..\..\..\lua_wrapper\session_export_to_lua.cpp(113): warning C4996: 'sprintf': This function or variable may be unsafe. Consider using sprintf_s instead. To disable deprecation, use _CRT_SECURE_NO_WARNINGS. See online help for details.
  C:\Program Files (x86)\Windows Kits\10\Include\10.0.10240.0\ucrt\stdio.h(1769): note: 参见“sprintf”的声明
..\..\..\lua_wrapper\session_export_to_lua.cpp(118): warning C4996: 'sprintf': This function or variable may be unsafe. Consider using sprintf_s instead. To disable deprecation, use _CRT_SECURE_NO_WARNINGS. See online help for details.
  C:\Program Files (x86)\Windows Kits\10\Include\10.0.10240.0\ucrt\stdio.h(1769): note: 参见“sprintf”的声明
..\..\..\lua_wrapper\session_export_to_lua.cpp(224): warning C4244: “初始化”: 从“lua_Number”转换到“float”，可能丢失数据
..\..\..\lua_wrapper\session_export_to_lua.cpp(230): warning C4244: “初始化”: 从“lua_Number”转换到“int64_t”，可能丢失数据
..\..\..\lua_wrapper\session_export_to_lua.cpp(236): warning C4244: “初始化”: 从“lua_Number”转换到“uint64_t”，可能丢失数据
..\..\..\lua_wrapper\session_export_to_lua.cpp(242): warning C4244: “初始化”: 从“lua_Number”转换到“int32_t”，可能丢失数据
..\..\..\lua_wrapper\session_export_to_lua.cpp(250): warning C4244: “初始化”: 从“lua_Number”转换到“int32_t”，可能丢失数据
..\..\..\lua_wrapper\session_export_to_lua.cpp(256): warning C4244: “初始化”: 从“lua_Number”转换到“uint32_t”，可能丢失数据
..\..\..\lua_wrapper\session_export_to_lua.cpp(269): warning C4800: “int”: 将值强制为布尔值“true”或“false”(性能警告)
..\..\..\lua_wrapper\session_export_to_lua.cpp(326): warning C4244: “初始化”: 从“lua_Number”转换到“float”，可能丢失数据
..\..\..\lua_wrapper\session_export_to_lua.cpp(332): warning C4244: “初始化”: 从“lua_Number”转换到“int64_t”，可能丢失数据
..\..\..\lua_wrapper\session_export_to_lua.cpp(338): warning C4244: “初始化”: 从“lua_Number”转换到“uint64_t”，可能丢失数据
..\..\..\lua_wrapper\session_export_to_lua.cpp(344): warning C4244: “初始化”: 从“lua_Number”转换到“int32_t”，可能丢失数据
..\..\..\lua_wrapper\session_export_to_lua.cpp(352): warning C4244: “初始化”: 从“lua_Number”转换到“int32_t”，可能丢失数据
..\..\..\lua_wrapper\session_export_to_lua.cpp(358): warning C4244: “初始化”: 从“lua_Number”转换到“uint32_t”，可能丢失数据
..\..\..\lua_wrapper\session_export_to_lua.cpp(371): warning C4800: “int”: 将值强制为布尔值“true”或“false”(性能警告)
..\..\..\lua_wrapper\session_export_to_lua.cpp(421): warning C4244: “=”: 从“lua_Integer”转换到“int”，可能丢失数据
..\..\..\lua_wrapper\session_export_to_lua.cpp(422): warning C4244: “=”: 从“lua_Integer”转换到“int”，可能丢失数据
..\..\..\lua_wrapper\session_export_to_lua.cpp(423): warning C4244: “=”: 从“lua_Integer”转换到“unsigned int”，可能丢失数据
  正在生成代码...
d:\mserver\lua_wrapper\session_export_to_lua.cpp(282): warning C4700: 使用了未初始化的局部变量“msg”
d:\mserver\lua_wrapper\session_export_to_lua.cpp(384): warning C4700: 使用了未初始化的局部变量“msg”
LINK : warning LNK4075: 忽略“/INCREMENTAL”(由于“/PROFILE”规范)
hiredis.lib(hiredis.obj) : warning LNK4075: 忽略“/EDITANDCONTINUE”(由于“/OPT:LBR”规范)
libprotobufd.lib(arena.obj) : warning LNK4099: 未找到 PDB“libprotobuf.pdb”(使用“libprotobufd.lib(arena.obj)”或在“D:\mserver\build\proj.win32\Debug\libprotobuf.pdb”中寻找)；正在链接对象，如同没有调试信息一样
libprotobufd.lib(extension_set.obj) : warning LNK4099: 未找到 PDB“libprotobuf.pdb”(使用“libprotobufd.lib(extension_set.obj)”或在“D:\mserver\build\proj.win32\Debug\libprotobuf.pdb”中寻找)；正在链接对象，如同没有调试信息一样
libprotobufd.lib(generated_message_util.obj) : warning LNK4099: 未找到 PDB“libprotobuf.pdb”(使用“libprotobufd.lib(generated_message_util.obj)”或在“D:\mserver\build\proj.win32\Debug\libprotobuf.pdb”中寻找)；正在链接对象，如同没有调试信息一样
libprotobufd.lib(coded_stream.obj) : warning LNK4099: 未找到 PDB“libprotobuf.pdb”(使用“libprotobufd.lib(coded_stream.obj)”或在“D:\mserver\build\proj.win32\Debug\libprotobuf.pdb”中寻找)；正在链接对象，如同没有调试信息一样
libprotobufd.lib(zero_copy_stream.obj) : warning LNK4099: 未找到 PDB“libprotobuf.pdb”(使用“libprotobufd.lib(zero_copy_stream.obj)”或在“D:\mserver\build\proj.win32\Debug\libprotobuf.pdb”中寻找)；正在链接对象，如同没有调试信息一样
libprotobufd.lib(zero_copy_stream_impl_lite.obj) : warning LNK4099: 未找到 PDB“libprotobuf.pdb”(使用“libprotobufd.lib(zero_copy_stream_impl_lite.obj)”或在“D:\mserver\build\proj.win32\Debug\libprotobuf.pdb”中寻找)；正在链接对象，如同没有调试信息一样
libprotobufd.lib(message_lite.obj) : warning LNK4099: 未找到 PDB“libprotobuf.pdb”(使用“libprotobufd.lib(message_lite.obj)”或在“D:\mserver\build\proj.win32\Debug\libprotobuf.pdb”中寻找)；正在链接对象，如同没有调试信息一样
libprotobufd.lib(repeated_field.obj) : warning LNK4099: 未找到 PDB“libprotobuf.pdb”(使用“libprotobufd.lib(repeated_field.obj)”或在“D:\mserver\build\proj.win32\Debug\libprotobuf.pdb”中寻找)；正在链接对象，如同没有调试信息一样
libprotobufd.lib(atomicops_internals_x86_msvc.obj) : warning LNK4099: 未找到 PDB“libprotobuf.pdb”(使用“libprotobufd.lib(atomicops_internals_x86_msvc.obj)”或在“D:\mserver\build\proj.win32\Debug\libprotobuf.pdb”中寻找)；正在链接对象，如同没有调试信息一样
libprotobufd.lib(common.obj) : warning LNK4099: 未找到 PDB“libprotobuf.pdb”(使用“libprotobufd.lib(common.obj)”或在“D:\mserver\build\proj.win32\Debug\libprotobuf.pdb”中寻找)；正在链接对象，如同没有调试信息一样
libprotobufd.lib(int128.obj) : warning LNK4099: 未找到 PDB“libprotobuf.pdb”(使用“libprotobufd.lib(int128.obj)”或在“D:\mserver\build\proj.win32\Debug\libprotobuf.pdb”中寻找)；正在链接对象，如同没有调试信息一样
libprotobufd.lib(io_win32.obj) : warning LNK4099: 未找到 PDB“libprotobuf.pdb”(使用“libprotobufd.lib(io_win32.obj)”或在“D:\mserver\build\proj.win32\Debug\libprotobuf.pdb”中寻找)；正在链接对象，如同没有调试信息一样
libprotobufd.lib(once.obj) : warning LNK4099: 未找到 PDB“libprotobuf.pdb”(使用“libprotobufd.lib(once.obj)”或在“D:\mserver\build\proj.win32\Debug\libprotobuf.pdb”中寻找)；正在链接对象，如同没有调试信息一样
libprotobufd.lib(status.obj) : warning LNK4099: 未找到 PDB“libprotobuf.pdb”(使用“libprotobufd.lib(status.obj)”或在“D:\mserver\build\proj.win32\Debug\libprotobuf.pdb”中寻找)；正在链接对象，如同没有调试信息一样
libprotobufd.lib(stringpiece.obj) : warning LNK4099: 未找到 PDB“libprotobuf.pdb”(使用“libprotobufd.lib(stringpiece.obj)”或在“D:\mserver\build\proj.win32\Debug\libprotobuf.pdb”中寻找)；正在链接对象，如同没有调试信息一样
libprotobufd.lib(stringprintf.obj) : warning LNK4099: 未找到 PDB“libprotobuf.pdb”(使用“libprotobufd.lib(stringprintf.obj)”或在“D:\mserver\build\proj.win32\Debug\libprotobuf.pdb”中寻找)；正在链接对象，如同没有调试信息一样
libprotobufd.lib(structurally_valid.obj) : warning LNK4099: 未找到 PDB“libprotobuf.pdb”(使用“libprotobufd.lib(structurally_valid.obj)”或在“D:\mserver\build\proj.win32\Debug\libprotobuf.pdb”中寻找)；正在链接对象，如同没有调试信息一样
libprotobufd.lib(strutil.obj) : warning LNK4099: 未找到 PDB“libprotobuf.pdb”(使用“libprotobufd.lib(strutil.obj)”或在“D:\mserver\build\proj.win32\Debug\libprotobuf.pdb”中寻找)；正在链接对象，如同没有调试信息一样
libprotobufd.lib(wire_format_lite.obj) : warning LNK4099: 未找到 PDB“libprotobuf.pdb”(使用“libprotobufd.lib(wire_format_lite.obj)”或在“D:\mserver\build\proj.win32\Debug\libprotobuf.pdb”中寻找)；正在链接对象，如同没有调试信息一样
libprotobufd.lib(any.obj) : warning LNK4099: 未找到 PDB“libprotobuf.pdb”(使用“libprotobufd.lib(any.obj)”或在“D:\mserver\build\proj.win32\Debug\libprotobuf.pdb”中寻找)；正在链接对象，如同没有调试信息一样
libprotobufd.lib(descriptor.obj) : warning LNK4099: 未找到 PDB“libprotobuf.pdb”(使用“libprotobufd.lib(descriptor.obj)”或在“D:\mserver\build\proj.win32\Debug\libprotobuf.pdb”中寻找)；正在链接对象，如同没有调试信息一样
libprotobufd.lib(descriptor.pb.obj) : warning LNK4099: 未找到 PDB“libprotobuf.pdb”(使用“libprotobufd.lib(descriptor.pb.obj)”或在“D:\mserver\build\proj.win32\Debug\libprotobuf.pdb”中寻找)；正在链接对象，如同没有调试信息一样
libprotobufd.lib(descriptor_database.obj) : warning LNK4099: 未找到 PDB“libprotobuf.pdb”(使用“libprotobufd.lib(descriptor_database.obj)”或在“D:\mserver\build\proj.win32\Debug\libprotobuf.pdb”中寻找)；正在链接对象，如同没有调试信息一样
libprotobufd.lib(dynamic_message.obj) : warning LNK4099: 未找到 PDB“libprotobuf.pdb”(使用“libprotobufd.lib(dynamic_message.obj)”或在“D:\mserver\build\proj.win32\Debug\libprotobuf.pdb”中寻找)；正在链接对象，如同没有调试信息一样
libprotobufd.lib(extension_set_heavy.obj) : warning LNK4099: 未找到 PDB“libprotobuf.pdb”(使用“libprotobufd.lib(extension_set_heavy.obj)”或在“D:\mserver\build\proj.win32\Debug\libprotobuf.pdb”中寻找)；正在链接对象，如同没有调试信息一样
libprotobufd.lib(generated_message_reflection.obj) : warning LNK4099: 未找到 PDB“libprotobuf.pdb”(使用“libprotobufd.lib(generated_message_reflection.obj)”或在“D:\mserver\build\proj.win32\Debug\libprotobuf.pdb”中寻找)；正在链接对象，如同没有调试信息一样
libprotobufd.lib(strtod.obj) : warning LNK4099: 未找到 PDB“libprotobuf.pdb”(使用“libprotobufd.lib(strtod.obj)”或在“D:\mserver\build\proj.win32\Debug\libprotobuf.pdb”中寻找)；正在链接对象，如同没有调试信息一样
libprotobufd.lib(tokenizer.obj) : warning LNK4099: 未找到 PDB“libprotobuf.pdb”(使用“libprotobufd.lib(tokenizer.obj)”或在“D:\mserver\build\proj.win32\Debug\libprotobuf.pdb”中寻找)；正在链接对象，如同没有调试信息一样
libprotobufd.lib(zero_copy_stream_impl.obj) : warning LNK4099: 未找到 PDB“libprotobuf.pdb”(使用“libprotobufd.lib(zero_copy_stream_impl.obj)”或在“D:\mserver\build\proj.win32\Debug\libprotobuf.pdb”中寻找)；正在链接对象，如同没有调试信息一样
libprotobufd.lib(map_field.obj) : warning LNK4099: 未找到 PDB“libprotobuf.pdb”(使用“libprotobufd.lib(map_field.obj)”或在“D:\mserver\build\proj.win32\Debug\libprotobuf.pdb”中寻找)；正在链接对象，如同没有调试信息一样
libprotobufd.lib(message.obj) : warning LNK4099: 未找到 PDB“libprotobuf.pdb”(使用“libprotobufd.lib(message.obj)”或在“D:\mserver\build\proj.win32\Debug\libprotobuf.pdb”中寻找)；正在链接对象，如同没有调试信息一样
libprotobufd.lib(reflection_ops.obj) : warning LNK4099: 未找到 PDB“libprotobuf.pdb”(使用“libprotobufd.lib(reflection_ops.obj)”或在“D:\mserver\build\proj.win32\Debug\libprotobuf.pdb”中寻找)；正在链接对象，如同没有调试信息一样
libprotobufd.lib(substitute.obj) : warning LNK4099: 未找到 PDB“libprotobuf.pdb”(使用“libprotobufd.lib(substitute.obj)”或在“D:\mserver\build\proj.win32\Debug\libprotobuf.pdb”中寻找)；正在链接对象，如同没有调试信息一样
libprotobufd.lib(text_format.obj) : warning LNK4099: 未找到 PDB“libprotobuf.pdb”(使用“libprotobufd.lib(text_format.obj)”或在“D:\mserver\build\proj.win32\Debug\libprotobuf.pdb”中寻找)；正在链接对象，如同没有调试信息一样
libprotobufd.lib(unknown_field_set.obj) : warning LNK4099: 未找到 PDB“libprotobuf.pdb”(使用“libprotobufd.lib(unknown_field_set.obj)”或在“D:\mserver\build\proj.win32\Debug\libprotobuf.pdb”中寻找)；正在链接对象，如同没有调试信息一样
libprotobufd.lib(wire_format.obj) : warning LNK4099: 未找到 PDB“libprotobuf.pdb”(使用“libprotobufd.lib(wire_format.obj)”或在“D:\mserver\build\proj.win32\Debug\libprotobuf.pdb”中寻找)；正在链接对象，如同没有调试信息一样
  game_server.vcxproj -> D:\mserver\build\proj.win32\Debug\game_server.exe
  game_server.vcxproj -> D:\mserver\build\proj.win32\Debug\game_server.pdb (Full PDB)
